<?xml version="1.0" encoding="UTF-8"?>
<!-- Generated by org.testng.reporters.JUnitReportReporter -->
<testsuite hostname="FMLYSN.hitronhub.home" failures="0" tests="1" name="Test01" time="0.023" errors="0" timestamp="2022-03-19T13:57:52 EDT" skipped="0">
  <testcase classname="Test01" name="test" time="0.023"/>
  <system-out/>
</testsuite> <!-- Test01 -->
